<?xml version="1.0" encoding="UTF-8"?>
<testsuite xmlns:xsi="http://www.w3.org/2001/XMLSchema-instance" xsi:noNamespaceSchemaLocation="https://maven.apache.org/surefire/maven-surefire-plugin/xsd/surefire-test-report.xsd" name="TestSuite" time="29.892" tests="3" errors="0" skipped="0" failures="2">
  <properties>
    <property name="java.runtime.name" value="Java(TM) SE Runtime Environment"/>
    <property name="sun.boot.library.path" value="C:\Program Files\Java\jdk1.8.0_144\jre\bin"/>
    <property name="java.vm.version" value="25.144-b01"/>
    <property name="java.vm.vendor" value="Oracle Corporation"/>
    <property name="maven.multiModuleProjectDirectory" value="C:\Users\jackie\workspace\auto_test_for_jk"/>
    <property name="java.vendor.url" value="http://java.oracle.com/"/>
    <property name="path.separator" value=";"/>
    <property name="guice.disable.misplaced.annotation.check" value="true"/>
    <property name="java.vm.name" value="Java HotSpot(TM) 64-Bit Server VM"/>
    <property name="file.encoding.pkg" value="sun.io"/>
    <property name="user.script" value=""/>
    <property name="user.country" value="CN"/>
    <property name="sun.java.launcher" value="SUN_STANDARD"/>
    <property name="sun.os.patch.level" value=""/>
    <property name="java.vm.specification.name" value="Java Virtual Machine Specification"/>
    <property name="user.dir" value="C:\Users\jackie\workspace\auto_test_for_jk"/>
    <property name="java.runtime.version" value="1.8.0_144-b01"/>
    <property name="java.awt.graphicsenv" value="sun.awt.Win32GraphicsEnvironment"/>
    <property name="basedir" value="C:\Users\jackie\workspace\auto_test_for_jk"/>
    <property name="java.endorsed.dirs" value="C:\Program Files\Java\jdk1.8.0_144\jre\lib\endorsed"/>
    <property name="os.arch" value="amd64"/>
    <property name="java.io.tmpdir" value="C:\Users\jackie\AppData\Local\Temp\"/>
    <property name="line.separator" value="&#10;"/>
    <property name="java.vm.specification.vendor" value="Oracle Corporation"/>
    <property name="user.variant" value=""/>
    <property name="os.name" value="Windows 10"/>
    <property name="classworlds.conf" value="C:\Users\jackie\workspace\.metadata\.plugins\org.eclipse.m2e.launching\launches\m2conf2152135935383786237.tmp"/>
    <property name="sun.jnu.encoding" value="GBK"/>
    <property name="java.library.path" value="C:\Program Files\Java\jdk1.8.0_144\bin;C:\Windows\Sun\Java\bin;C:\Windows\system32;C:\Windows;C:/Program Files/Java/jre1.8.0_144/bin/server;C:/Program Files/Java/jre1.8.0_144/bin;C:/Program Files/Java/jre1.8.0_144/lib/amd64;C:\ProgramData\Oracle\Java\javapath;C:\Program Files (x86)\Intel\iCLS Client\;C:\Program Files\Intel\iCLS Client\;C:\Windows\system32;C:\Windows;C:\Windows\System32\Wbem;C:\Windows\System32\WindowsPowerShell\v1.0\;C:\Program Files (x86)\Intel\Intel(R) Management Engine Components\DAL;C:\Program Files\Intel\Intel(R) Management Engine Components\DAL;C:\Program Files (x86)\Intel\Intel(R) Management Engine Components\IPT;C:\Program Files\Intel\Intel(R) Management Engine Components\IPT;&quot;C:\Program Files\Java\jdk1.8.0_144\bin;C:\Program Files\Java\jdk1.8.0_144\jre\bin;&quot;;C:\Program Files (x86)\IDM Computer Solutions\UltraEdit;C:\Program Files\TortoiseSVN\bin;C:\Strawberry\c\bin;C:\Strawberry\perl\site\bin;C:\Strawberry\perl\bin;C:\Users\jackie\AppData\Local\Microsoft\WindowsApps;;D:\eclipse;;."/>
    <property name="surefire.test.class.path" value="C:\Users\jackie\workspace\auto_test_for_jk\target\test-classes;C:\Users\jackie\workspace\auto_test_for_jk\target\classes;D:\Dev\maven\repo\m2\junit\junit\4.12\junit-4.12.jar;D:\Dev\maven\repo\m2\org\hamcrest\hamcrest-core\1.3\hamcrest-core-1.3.jar;D:\Dev\maven\repo\m2\org\testng\testng\6.10\testng-6.10.jar;D:\Dev\maven\repo\m2\com\beust\jcommander\1.48\jcommander-1.48.jar;D:\Dev\maven\repo\m2\log4j\log4j\1.2.17\log4j-1.2.17.jar;D:\Dev\maven\repo\m2\org\seleniumhq\selenium\selenium-api\3.5.3\selenium-api-3.5.3.jar;D:\Dev\maven\repo\m2\org\seleniumhq\selenium\selenium-java\3.5.3\selenium-java-3.5.3.jar;D:\Dev\maven\repo\m2\org\seleniumhq\selenium\selenium-chrome-driver\3.5.3\selenium-chrome-driver-3.5.3.jar;D:\Dev\maven\repo\m2\org\seleniumhq\selenium\selenium-edge-driver\3.5.3\selenium-edge-driver-3.5.3.jar;D:\Dev\maven\repo\m2\org\seleniumhq\selenium\selenium-firefox-driver\3.5.3\selenium-firefox-driver-3.5.3.jar;D:\Dev\maven\repo\m2\org\seleniumhq\selenium\selenium-ie-driver\3.5.3\selenium-ie-driver-3.5.3.jar;D:\Dev\maven\repo\m2\org\seleniumhq\selenium\selenium-opera-driver\3.5.3\selenium-opera-driver-3.5.3.jar;D:\Dev\maven\repo\m2\org\seleniumhq\selenium\selenium-remote-driver\3.5.3\selenium-remote-driver-3.5.3.jar;D:\Dev\maven\repo\m2\org\seleniumhq\selenium\selenium-safari-driver\3.5.3\selenium-safari-driver-3.5.3.jar;D:\Dev\maven\repo\m2\org\seleniumhq\selenium\selenium-support\3.5.3\selenium-support-3.5.3.jar;D:\Dev\maven\repo\m2\cglib\cglib-nodep\3.2.4\cglib-nodep-3.2.4.jar;D:\Dev\maven\repo\m2\org\apache\commons\commons-exec\1.3\commons-exec-1.3.jar;D:\Dev\maven\repo\m2\org\apache\commons\commons-lang3\3.5\commons-lang3-3.5.jar;D:\Dev\maven\repo\m2\commons-codec\commons-codec\1.10\commons-codec-1.10.jar;D:\Dev\maven\repo\m2\commons-io\commons-io\2.5\commons-io-2.5.jar;D:\Dev\maven\repo\m2\commons-logging\commons-logging\1.2\commons-logging-1.2.jar;D:\Dev\maven\repo\m2\org\w3c\css\sac\1.3\sac-1.3.jar;D:\Dev\maven\repo\m2\net\sourceforge\cssparser\cssparser\0.9.23\cssparser-0.9.23.jar;D:\Dev\maven\repo\m2\com\google\code\gson\gson\2.8.0\gson-2.8.0.jar;D:\Dev\maven\repo\m2\com\google\guava\guava\23.0\guava-23.0.jar;D:\Dev\maven\repo\m2\com\google\code\findbugs\jsr305\1.3.9\jsr305-1.3.9.jar;D:\Dev\maven\repo\m2\com\google\errorprone\error_prone_annotations\2.0.18\error_prone_annotations-2.0.18.jar;D:\Dev\maven\repo\m2\com\google\j2objc\j2objc-annotations\1.1\j2objc-annotations-1.1.jar;D:\Dev\maven\repo\m2\org\codehaus\mojo\animal-sniffer-annotations\1.14\animal-sniffer-annotations-1.14.jar;D:\Dev\maven\repo\m2\net\sourceforge\htmlunit\htmlunit\2.27\htmlunit-2.27.jar;D:\Dev\maven\repo\m2\net\sourceforge\htmlunit\htmlunit-core-js\2.27\htmlunit-core-js-2.27.jar;D:\Dev\maven\repo\m2\net\sourceforge\htmlunit\neko-htmlunit\2.27\neko-htmlunit-2.27.jar;D:\Dev\maven\repo\m2\org\apache\httpcomponents\httpclient\4.5.3\httpclient-4.5.3.jar;D:\Dev\maven\repo\m2\org\apache\httpcomponents\httpcore\4.4.6\httpcore-4.4.6.jar;D:\Dev\maven\repo\m2\org\apache\httpcomponents\httpmime\4.5.3\httpmime-4.5.3.jar;D:\Dev\maven\repo\m2\org\eclipse\jetty\jetty-client\9.4.5.v20170502\jetty-client-9.4.5.v20170502.jar;D:\Dev\maven\repo\m2\org\eclipse\jetty\jetty-http\9.4.5.v20170502\jetty-http-9.4.5.v20170502.jar;D:\Dev\maven\repo\m2\org\eclipse\jetty\jetty-io\9.4.5.v20170502\jetty-io-9.4.5.v20170502.jar;D:\Dev\maven\repo\m2\org\eclipse\jetty\jetty-util\9.4.5.v20170502\jetty-util-9.4.5.v20170502.jar;D:\Dev\maven\repo\m2\net\java\dev\jna\jna\4.1.0\jna-4.1.0.jar;D:\Dev\maven\repo\m2\net\java\dev\jna\jna-platform\4.1.0\jna-platform-4.1.0.jar;D:\Dev\maven\repo\m2\com\codeborne\phantomjsdriver\1.4.0\phantomjsdriver-1.4.0.jar;D:\Dev\maven\repo\m2\org\seleniumhq\selenium\htmlunit-driver\2.27\htmlunit-driver-2.27.jar;D:\Dev\maven\repo\m2\javax\servlet\javax.servlet-api\3.1.0\javax.servlet-api-3.1.0.jar;D:\Dev\maven\repo\m2\org\eclipse\jetty\websocket\websocket-api\9.4.5.v20170502\websocket-api-9.4.5.v20170502.jar;D:\Dev\maven\repo\m2\org\eclipse\jetty\websocket\websocket-client\9.4.5.v20170502\websocket-client-9.4.5.v20170502.jar;D:\Dev\maven\repo\m2\org\eclipse\jetty\websocket\websocket-common\9.4.5.v20170502\websocket-common-9.4.5.v20170502.jar;D:\Dev\maven\repo\m2\xalan\serializer\2.7.2\serializer-2.7.2.jar;D:\Dev\maven\repo\m2\xalan\xalan\2.7.2\xalan-2.7.2.jar;D:\Dev\maven\repo\m2\xerces\xercesImpl\2.11.0\xercesImpl-2.11.0.jar;D:\Dev\maven\repo\m2\xml-apis\xml-apis\1.4.01\xml-apis-1.4.01.jar;D:\Dev\maven\repo\m2\com\sun\mail\javax.mail\1.6.0\javax.mail-1.6.0.jar;D:\Dev\maven\repo\m2\javax\activation\activation\1.1\activation-1.1.jar;D:\Dev\maven\repo\m2\org\apache\poi\poi\3.9\poi-3.9.jar;D:\Dev\maven\repo\m2\org\apache\maven\surefire\surefire-testng-utils\2.20\surefire-testng-utils-2.20.jar;D:\Dev\maven\repo\m2\org\apache\maven\surefire\surefire-grouper\2.20\surefire-grouper-2.20.jar;"/>
    <property name="java.specification.name" value="Java Platform API Specification"/>
    <property name="java.class.version" value="52.0"/>
    <property name="sun.management.compiler" value="HotSpot 64-Bit Tiered Compilers"/>
    <property name="os.version" value="10.0"/>
    <property name="library.jansi.path" value="D:\Dev\maven\lib\jansi-native\windows64"/>
    <property name="user.home" value="C:\Users\jackie"/>
    <property name="user.timezone" value="Asia/Shanghai"/>
    <property name="java.awt.printerjob" value="sun.awt.windows.WPrinterJob"/>
    <property name="java.specification.version" value="1.8"/>
    <property name="file.encoding" value="UTF-8"/>
    <property name="user.name" value="jackie"/>
    <property name="java.class.path" value="D:\Dev\maven\boot\plexus-classworlds-2.5.2.jar"/>
    <property name="java.vm.specification.version" value="1.8"/>
    <property name="sun.arch.data.model" value="64"/>
    <property name="java.home" value="C:\Program Files\Java\jdk1.8.0_144\jre"/>
    <property name="sun.java.command" value="org.codehaus.plexus.classworlds.launcher.Launcher -B -s D:\Dev\maven\repo\settings.xml test"/>
    <property name="java.specification.vendor" value="Oracle Corporation"/>
    <property name="user.language" value="zh"/>
    <property name="awt.toolkit" value="sun.awt.windows.WToolkit"/>
    <property name="java.vm.info" value="mixed mode"/>
    <property name="java.version" value="1.8.0_144"/>
    <property name="java.ext.dirs" value="C:\Program Files\Java\jdk1.8.0_144\jre\lib\ext;C:\Windows\Sun\Java\lib\ext"/>
    <property name="sun.boot.class.path" value="C:\Program Files\Java\jdk1.8.0_144\jre\lib\resources.jar;C:\Program Files\Java\jdk1.8.0_144\jre\lib\rt.jar;C:\Program Files\Java\jdk1.8.0_144\jre\lib\sunrsasign.jar;C:\Program Files\Java\jdk1.8.0_144\jre\lib\jsse.jar;C:\Program Files\Java\jdk1.8.0_144\jre\lib\jce.jar;C:\Program Files\Java\jdk1.8.0_144\jre\lib\charsets.jar;C:\Program Files\Java\jdk1.8.0_144\jre\lib\jfr.jar;C:\Program Files\Java\jdk1.8.0_144\jre\classes"/>
    <property name="webdriver.chrome.driver" value="C:\Program Files (x86)\Google\Chrome\Application\chromedriver.exe"/>
    <property name="java.vendor" value="Oracle Corporation"/>
    <property name="maven.home" value="D:\Dev\maven"/>
    <property name="localRepository" value="D:\Dev\maven\repo\m2"/>
    <property name="file.separator" value="\"/>
    <property name="java.vendor.url.bug" value="http://bugreport.sun.com/bugreport/"/>
    <property name="sun.cpu.endian" value="little"/>
    <property name="sun.io.unicode.encoding" value="UnicodeLittle"/>
    <property name="sun.desktop" value="windows"/>
    <property name="sun.cpu.isalist" value="amd64"/>
  </properties>
  <testcase name="test_searchGoods" classname="com.cn.testcases.Test_HomePage_Search" time="4.343">
    <failure message="expected [sadad] but found [false]" type="java.lang.AssertionError">java.lang.AssertionError: expected [sadad] but found [false]
	at com.cn.testcases.Test_HomePage_Search.test_searchGoods(Test_HomePage_Search.java:34)
</failure>
    <system-out><![CDATA[2017-09-22 11:47:58.950 INFO: Start to select browser name from properties file
2017-09-22 11:47:58.951 INFO: Your had select test browser type is: Chrome
2017-09-22 11:47:58.951 INFO: The test server URL is: http://re.jd.com/
2017-09-22 11:48:01.566 INFO: Launching Chrome ...
2017-09-22 11:48:02.999 INFO: Open URL: http://re.jd.com/
2017-09-22 11:48:04.150 INFO: Maximize browser...
2017-09-22 11:48:04.153 INFO: Wait for 5 seconds.
2017-09-22 11:48:11.039 INFO: Element: Proxy element for: DefaultElementLocator 'By.xpath: //*[@id='ttbar-login']/a[1]' was clicked.
2017-09-22 11:48:11.151 INFO: Element: [[ChromeDriver: chrome on XP (5093a7d67d6d9b6ccd49332c123fd2ac)] -> xpath: //*[@id='content']/div/div[1]/div/div[2]/a] was clicked.
2017-09-22 11:48:11.249 INFO: Clean the value if any in [[ChromeDriver: chrome on XP (5093a7d67d6d9b6ccd49332c123fd2ac)] -> id: loginname].
2017-09-22 11:48:11.351 INFO: Type value is: 13269225141.
2017-09-22 11:48:11.423 INFO: Clean the value if any in [[ChromeDriver: chrome on XP (5093a7d67d6d9b6ccd49332c123fd2ac)] -> id: nloginpwd].
2017-09-22 11:48:11.498 INFO: Type value is: Pa88word!~.
2017-09-22 11:48:11.606 INFO: Element: [[ChromeDriver: chrome on XP (5093a7d67d6d9b6ccd49332c123fd2ac)] -> id: loginsubmit] was clicked.
2017-09-22 11:48:12.845 INFO: Clean the value if any in [[ChromeDriver: chrome on XP (5093a7d67d6d9b6ccd49332c123fd2ac)] -> id: key].
2017-09-22 11:48:12.912 INFO: Type value is: Java.
2017-09-22 11:48:14.920 INFO: Element: [[ChromeDriver: chrome on XP (5093a7d67d6d9b6ccd49332c123fd2ac)] -> xpath: //*[@id='search']/div/div[2]/button] was clicked.
2017-09-22 11:48:15.953 INFO: [2017-09-22_test_searchGoods-1266013632.png] 截图成功-->保存在：[ result/screenshot/2017-09-22_test_searchGoods-1266013632.png ]
2017-09-22 11:48:15.953 INFO: test_searchGoods
]]></system-out>
    <system-err><![CDATA[Starting ChromeDriver 2.29.461591 (62ebf098771772160f391d75e589dc567915b233) on port 24052
Only local connections are allowed.
log4j:WARN No appenders could be found for logger (org.apache.http.client.protocol.RequestAddCookies).
log4j:WARN Please initialize the log4j system properly.
log4j:WARN See http://logging.apache.org/log4j/1.2/faq.html#noconfig for more info.
九月 22, 2017 11:48:01 上午 org.openqa.selenium.remote.ProtocolHandshake createSession
信息: Detected dialect: OSS
]]></system-err>
  </testcase>
  <testcase name="testAddToCart" classname="com.cn.testcases.Test_AddGoodToCart" time="2.557"/>
  <testcase name="testAddToCart" classname="com.cn.testcases.Test_NewTest" time="1.711">
    <failure message="expected [sadad] but found [false]" type="java.lang.AssertionError">java.lang.AssertionError: expected [sadad] but found [false]
	at com.cn.testcases.Test_NewTest.testAddToCart(Test_NewTest.java:29)
</failure>
    <system-out><![CDATA[2017-09-22 11:48:22.100 INFO: Start to select browser name from properties file
2017-09-22 11:48:22.100 INFO: Your had select test browser type is: Chrome
2017-09-22 11:48:22.100 INFO: The test server URL is: http://re.jd.com/
2017-09-22 11:48:23.985 INFO: Launching Chrome ...
2017-09-22 11:48:25.501 INFO: Open URL: http://re.jd.com/
2017-09-22 11:48:26.675 INFO: Maximize browser...
2017-09-22 11:48:26.684 INFO: Wait for 5 seconds.
2017-09-22 11:48:26.815 INFO: Clean the value if any in [[ChromeDriver: chrome on XP (9ea76ba4a61e8edf8ee4f97acd19d3bc)] -> id: key].
2017-09-22 11:48:26.871 INFO: Type value is: Java.
2017-09-22 11:48:27.008 INFO: Element: [[ChromeDriver: chrome on XP (9ea76ba4a61e8edf8ee4f97acd19d3bc)] -> xpath: //*[@id='search']/div/div[2]/button] was clicked.
2017-09-22 11:48:28.396 INFO: [2017-09-22_testAddToCart1580142756.png] 截图成功-->保存在：[ result/screenshot/2017-09-22_testAddToCart1580142756.png ]
2017-09-22 11:48:28.396 INFO: testAddToCart
]]></system-out>
    <system-err><![CDATA[Starting ChromeDriver 2.29.461591 (62ebf098771772160f391d75e589dc567915b233) on port 25454
Only local connections are allowed.
九月 22, 2017 11:48:23 上午 org.openqa.selenium.remote.ProtocolHandshake createSession
信息: Detected dialect: OSS
]]></system-err>
  </testcase>
</testsuite>